<?xml version="1.0" encoding="UTF-8"?>
<!-- Generated by org.testng.reporters.JUnitReportReporter -->
<testsuite hostname="vipuls-MacBook-Air.local" failures="0" tests="2" name="com.sdet.AppTest" time="0.023" errors="0" timestamp="2023-10-18T11:46:55 IST" skipped="0">
  <testcase classname="com.sdet.AppTest" name="testlogin2" time="0.003"/>
  <system-out/>
  <testcase classname="com.sdet.AppTest" name="testlogin1" time="0.020"/>
  <system-out/>
</testsuite> <!-- com.sdet.AppTest -->
