<?xml version="1.0" encoding="UTF-8"?>
<!-- Generated by org.testng.reporters.JUnitReportReporter -->
<testsuite hostname="vipuls-MacBook-Air.local" failures="0" tests="2" name="com.sdet.AppTest" time="0.026" errors="0" timestamp="2023-10-19T16:43:27 IST" skipped="0">
  <testcase classname="com.sdet.AppTest" name="testlogin1" time="0.024"/>
  <system-out/>
  <testcase classname="com.sdet.AppTest" name="testlogin2" time="0.002"/>
  <system-out/>
</testsuite> <!-- com.sdet.AppTest -->
